<?xml version="1.0" encoding="UTF-8" ?>

<beans xmlns="http://www.springframework.org/schema/beans"
       xmlns:xsi="http://www.w3.org/2001/XMLSchema-instance"
       xmlns:aop="http://www.springframework.org/schema/aop"
       xmlns:context="http://www.springframework.org/schema/context"
       xsi:schemaLocation="http://www.springframework.org/schema/beans http://www.springframework.org/schema/beans/spring-beans-3.0.xsd
	http://www.springframework.org/schema/aop http://www.springframework.org/schema/aop/spring-aop-3.0.xsd
	http://www.springframework.org/schema/context http://www.springframework.org/schema/context/spring-context-3.0.xsd">

    <context:annotation-config/>
    <aop:aspectj-autoproxy/>

    <!-- There you should put the class(es) that you need to be initialized -->
    <bean id="amazonHomePageObject" class="pages.AmazonHomePageObject"/>
    <bean id="amazonGiftCardsPageObject" class="pages.AmazonGiftCardsPageObject"/>
    <bean id="amazonProductPageObject" class="pages.AmazonProductPageObject"/>
    <bean id="amazonProductAddedPageObject" class="pages.AmazonProductAddedPageObject"/>
    <bean id="amazonCartPageObject" class="pages.AmazonCartPageObject"/>


    <bean id="utils" class="utils.Utils"/>

</beans>